("FGUNITS" "---------- FITZGERALD KITCHEN UNITS ----------")
("FGBASE" "FGK. BASE")
("FGCORNER" "FGK. CORNER")
("FGWALL" "FGK. WALL")
("FGTALL" "FGK. TALL")

("BOS" "----------")
("AD" "Base Units")
("AK" "Base Corner Units")
("CK" "Base Drawer Units")
("EVD" "Base Sink Units")
("OC" "Base Oven Cooker Units")
("KL" "Larder - Hidden Mechanism Units")
("ARAF" "Base Open Shelf Units")
("AKPM" "Base Complementary Units")
("BOS" "----------")
("UKA" "Wall Units")
("UKK" "Wall Corner Units")
("UK2" "Wall Lift Up Units")
("UK" "Wall Lift Up Short Units")
("BZDU" "Fridge Top Units")
("ASP" "Cooker Hood Top - Appliance Units")
("URAF" "Wall Open Shelf Units")
("UKPM" "Wall Complementary Units")
("BOS" "----------")
("SET" "Worktop Units")
("YBoy" "Semi Tall Units")
("YBoyC" "Semi Tall Appliance Units")
("Boy" "Tall Units")
("BoyV" "Tall Glass Showcase Units")
("BoyC" "Tall Appliance Units")
("BoyRAF" "Tall - Semi Tall Open Shelf Units")
("BoyR" "Tall - Semi Tall Complementary Units")
("BOS" "----------")
("Pnl" "Fillers")
("WRail" "Wardrobe Accessories - Rails")
("Conn" "Wardrobe Connector Types")
("CT" "Seal Bands / Profiles")
("TAC" "Cornice Crown - Light Band")
("BOS" "----------")
("OVAL56" "Rounded Units D=56")
("OVAL58" "Rounded Units D=58")
("OVAL60" "Rounded Units D=60")
("MKNZ" "Units with Mechanism Animations")
("1gola" "1gola - Alum. Profile")
("2gola" "2gola - Panel Profile")